<?xml version="1.0" encoding="UTF-8"?>
<testsuite name="RectangleTest" tests="3" skipped="0" failures="0" errors="0" timestamp="2017-06-05T20:30:36" hostname="DESKTOP-CSR7OCA" time="0.003">
  <properties/>
  <testcase name="newRectangle_getsLength" classname="RectangleTest" time="0.002"/>
  <testcase name="newRectangle_getWidth" classname="RectangleTest" time="0.0"/>
  <testcase name="newRectangle_instantiatesCorrectly" classname="RectangleTest" time="0.001"/>
  <system-out><![CDATA[]]></system-out>
  <system-err><![CDATA[]]></system-err>
</testsuite>
